c:\projects\os-imgui vsync controll\os-imgui\x64\release\vc143.pdb
c:\projects\os-imgui vsync controll\os-imgui\x64\release\os-imgui_internal.obj
c:\projects\os-imgui vsync controll\os-imgui\x64\release\os-imgui_external.obj
c:\projects\os-imgui vsync controll\os-imgui\x64\release\os-imgui_base.obj
c:\projects\os-imgui vsync controll\os-imgui\x64\release\os-imgui.obj
c:\projects\os-imgui vsync controll\os-imgui\x64\release\main.obj
c:\projects\os-imgui vsync controll\os-imgui\x64\release\imgui_widgets.obj
c:\projects\os-imgui vsync controll\os-imgui\x64\release\imgui_tables.obj
c:\projects\os-imgui vsync controll\os-imgui\x64\release\imgui_impl_win32.obj
c:\projects\os-imgui vsync controll\os-imgui\x64\release\imgui_impl_dx9.obj
c:\projects\os-imgui vsync controll\os-imgui\x64\release\imgui_impl_dx11.obj
c:\projects\os-imgui vsync controll\os-imgui\x64\release\imgui_draw.obj
c:\projects\os-imgui vsync controll\os-imgui\x64\release\imgui_demo.obj
c:\projects\os-imgui vsync controll\os-imgui\x64\release\imgui.obj
c:\projects\os-imgui vsync controll\os-imgui\x64\release\trampoline.obj
c:\projects\os-imgui vsync controll\os-imgui\x64\release\hook.obj
c:\projects\os-imgui vsync controll\os-imgui\x64\release\hde64.obj
c:\projects\os-imgui vsync controll\os-imgui\x64\release\hde32.obj
c:\projects\os-imgui vsync controll\os-imgui\x64\release\buffer.obj
c:\projects\os-imgui vsync controll\x64\release\os-imgui.exe
c:\projects\os-imgui vsync controll\x64\release\os-imgui.pdb
c:\projects\os-imgui vsync controll\os-imgui\x64\release\os-imgui.ipdb
c:\projects\os-imgui vsync controll\os-imgui\x64\release\os-imgui.iobj
c:\projects\os-imgui vsync controll\os-imgui\x64\release\os-imgui.tlog\cl.command.1.tlog
c:\projects\os-imgui vsync controll\os-imgui\x64\release\os-imgui.tlog\cl.items.tlog
c:\projects\os-imgui vsync controll\os-imgui\x64\release\os-imgui.tlog\cl.read.1.tlog
c:\projects\os-imgui vsync controll\os-imgui\x64\release\os-imgui.tlog\cl.write.1.tlog
c:\projects\os-imgui vsync controll\os-imgui\x64\release\os-imgui.tlog\link.command.1.tlog
c:\projects\os-imgui vsync controll\os-imgui\x64\release\os-imgui.tlog\link.read.1.tlog
c:\projects\os-imgui vsync controll\os-imgui\x64\release\os-imgui.tlog\link.secondary.1.tlog
c:\projects\os-imgui vsync controll\os-imgui\x64\release\os-imgui.tlog\link.write.1.tlog
