  imgui.cpp
  imgui_demo.cpp
  imgui_draw.cpp
  imgui_impl_dx11.cpp
  imgui_impl_dx9.cpp
  imgui_impl_win32.cpp
  imgui_tables.cpp
  imgui_widgets.cpp
  main.cpp
  OS-ImGui.cpp
  OS-ImGui_Base.cpp
  OS-ImGui_External.cpp
  OS-ImGui_Internal.cpp
  buffer.c
  hde32.c
  hde64.c
  hook.c
  trampoline.c
  Generating code
  Previous IPDB not found, fall back to full compilation.
  All 1781 functions were compiled because no usable IPDB/IOBJ from previous compilation was found.
  Finished generating code
  OS-ImGui.vcxproj -> C:\projects\OS-Imgui Vsync Controll\x64\Release\OS-ImGui.exe
